[00:00:16.605][MARK] 加载用户UID：1个，加入查询池
[00:00:16.607][MARK] 加载公共ck：0个
[00:00:16.613][MARK] [xiuxian][boxhelp][2201废话连篇(镜.)] #修仙帮助
[00:00:16.621][MARK] puppeteer Chromium 启动中...
[00:00:16.790][MARK] puppeteer Chromium 启动成功
[00:00:17.090][MARK] [xiuxian][help][1次] 203.69kb [32m297ms[39m
[00:00:17.719][MARK] [xiuxian][boxhelp] #修仙帮助 处理完成 1100ms
[00:00:37.031][MARK] [xiuxian][createMsg][2201废话连篇(镜.)] #降临世界
[00:00:37.380][MARK] [xiuxian][information][2次] 100.24kb [32m338ms[39m
[00:00:38.205][MARK] [xiuxian][createMsg] #降临世界 处理完成 1173ms
[00:00:58.266][MARK] [xiuxian][changeName][2201废话连篇(镜.)] #改名海王
[00:00:58.268][MARK] [xiuxian][changeName] #改名海王 处理完成 1ms
[00:01:32.818][MARK] [xiuxian][showMap][2201废话连篇(镜.)] #修仙地图
[00:01:32.874][MARK] [xiuxian][map][3次] 65.69kb [32m54ms[39m
[00:01:33.488][MARK] [xiuxian][showMap] #修仙地图 处理完成 670ms
[00:02:58.589][MARK] [[土块插件]猜原神][cys][2201废话连篇(镜.)] #猜原神
[00:02:58.590][MARK] [[土块插件]猜原神][cys] #猜原神 处理完成 0ms
[00:03:34.672][MARK] [喵喵:角色查询][character][2201废话连篇(镜.)] #喵喵角色卡片
[00:03:34.675][MARK] [米游社查询][uid：120410951][32m[使用已查询ck：191512547][39m
[00:03:34.688][MARK] [米游社查询][uid：120410951][32m[使用已查询ck：191512547][39m
[00:03:37.092][MARK] [图片生成][miao-plugin/character/character-card][2次] 164.38kb [32m2071ms[39m
[00:03:38.117][MARK] [喵喵:角色查询][character] #喵喵角色卡片 处理完成 3445ms
[00:04:00.587][MARK] [[土块插件]点视频][kanpian][2201废话连篇(镜.)] #点视频
[00:04:17.476][MARK] [图片生成][123][3次] 764.62kb [32m15858ms[39m
[00:04:17.479][MARK] [[土块插件]点视频][kanpian] #点视频 处理完成 16891ms
[00:04:30.003][MARK] [[土块插件]打我][dawo][2201废话连篇(镜.)] #打我
[00:04:30.005][MARK] [[土块插件]打我][dawo] #打我 处理完成 0ms
[00:04:40.743][MARK] [[土块插件]打我][dawo][2201废话连篇(镜.)] 石头
[00:04:40.744][MARK] [[土块插件]打我][dawo] 石头 处理完成 0ms
[00:04:46.487][MARK] [[土块插件]打我][dawo][2201废话连篇(镜.)] #打我
[00:04:46.488][MARK] [[土块插件]打我][dawo] #打我 处理完成 0ms
[00:04:57.922][MARK] [[土块插件]打我][dawo][2201废话连篇(镜.)] 剪刀
[00:04:57.923][MARK] [[土块插件]打我][dawo] 剪刀 处理完成 0ms
[00:05:03.479][MARK] [[土块插件]打我][dawo][2201废话连篇(镜.)] #打我
[00:05:03.480][MARK] [[土块插件]打我][dawo] #打我 处理完成 0ms
[00:05:07.889][MARK] [[土块插件]打我][dawo][2201废话连篇(镜.)] 布
[00:05:07.891][MARK] [[土块插件]打我][dawo] 布 处理完成 1ms
[00:05:13.409][MARK] [[土块插件]打我][dawo][2201废话连篇(镜.)] #打我
[00:05:13.410][MARK] [[土块插件]打我][dawo] #打我 处理完成 0ms
[00:05:17.349][MARK] [[土块插件]打我][dawo][2201废话连篇(镜.)] 剪刀
[00:05:17.350][MARK] [[土块插件]打我][dawo] 剪刀 处理完成 0ms
[00:05:23.656][MARK] [[土块插件]打我][dawo][2201废话连篇(镜.)] #打我
[00:05:23.658][MARK] [[土块插件]打我][dawo] #打我 处理完成 0ms
[00:05:30.986][MARK] [[土块插件]打我][dawo][2201废话连篇(镜.)] 石头
[00:05:30.987][MARK] [[土块插件]打我][dawo] 石头 处理完成 1ms
[00:05:34.724][MARK] [[土块插件]打我][dawo][2201废话连篇(镜.)] 石头
[00:05:34.724][MARK] [[土块插件]打我][dawo] 石头 处理完成 0ms
[00:06:34.241][MARK] [文字转语音][speakerList][私聊][镜.(14866312)] 音色列表
[00:06:34.242][MARK] [文字转语音][speakerList] 音色列表 处理完成 0ms
[00:06:51.851][MARK] [文字转语音][genshinSpeak][私聊][镜.(14866312)] 凯亚说你妈
[00:06:52.015][MARK] [文字转语音][genshinSpeak] 凯亚说你妈 处理完成 158ms
[00:10:55.396][MARK] [[土块插件]原神语音][tingyy][私聊][镜.(14866312)] #可莉语音1
[00:10:55.998][MARK] [[土块插件]原神语音][tingyy] #可莉语音1 处理完成 599ms
[00:21:27.188][MARK] [修改配置文件][config][bot]
[00:23:03.764][MARK] [[土块插件]原神语音][tingyy][私聊][镜.(14866312)] #可莉语音1
[00:23:04.279][MARK] [[土块插件]原神语音][tingyy] #可莉语音1 处理完成 512ms
[00:24:04.691][MARK] [米游社攻略][strategy][2201废话连篇(镜.)] #胡桃攻略
[00:24:05.146][MARK] [米游社攻略][strategy] 下载胡桃攻略图
[00:24:05.471][MARK] [米游社攻略][strategy] 下载胡桃攻略成功
[00:24:06.282][MARK] [米游社攻略][strategy] #胡桃攻略 处理完成 1588ms
[00:24:15.356][MARK] [喵喵:角色面板][profileDetail][2201废话连篇(镜.)] #胡桃伤害
[00:24:15.367][MARK] 本地无UID:120410951的胡桃面板数据，尝试自动请求...
[00:24:15.368][MARK] 【面板】120410951 ：[33m开始请求数据[39m，面板服务：MiniGG-Api...
[00:24:15.679][MARK] 【面板】120410951 ：[32m请求结束，请求用时311ms[39m，面板服务：MiniGG-Api...
[00:24:17.845][MARK] [图片生成][miao-plugin/character/profile-detail][4次] 510.99kb [32m2126ms[39m
[00:24:19.062][MARK] [喵喵:角色面板][profileDetail] #胡桃伤害 处理完成 3705ms
