[22:38:09.324][MARK] Yunzai-Bot å¯åŠ¨ä¸­...
[22:38:28.774][MARK] Yunzai-Bot å¯åŠ¨ä¸­...
[22:38:28.776][MARK] è¿æ¥redis....
[22:38:28.787][MARK] è¿æ¥redisæˆåŠŸ
[22:38:34.217][MARK] ----^_^----
[22:38:34.218][MARK] [32mYunzai-Bot ä¸Šçº¿æˆåŠŸ ç‰ˆæœ¬v3.0.0[39m
[22:38:34.218][MARK] [32mhttps://github.com/Le-niao/Yunzai-Bot[39m
[22:38:35.372][MARK] å‘é€å¥½å‹æ¶ˆæ¯[é•œ.](14866312)
[22:38:47.990][MARK] åŠ è½½ç”¨æˆ·UIDï¼š0ä¸ªï¼ŒåŠ å…¥æŸ¥è¯¢æ± 
[22:38:47.992][MARK] åŠ è½½å…¬å…±ckï¼š0ä¸ª
[22:38:48.040][MARK] [äº‘å´½å¸®åŠ©][help][ç§èŠ][é•œ.(14866312)] #å¸®åŠ©
[22:38:48.245][MARK] puppeteer Chromium å¯åŠ¨ä¸­...
[22:38:48.251][ERRO] Error: Could not find Chromium (rev. 1095492). This can occur if either
 1. you did not perform an installation before running the script (e.g. `npm install`) or
 2. your cache path is incorrectly configured (which is: C:\Users\Administrator.MM-202301141611\.cache\puppeteer).
For (2), check out our guide on configuring puppeteer at https://pptr.dev/guides/configuration.
[22:38:48.251][ERRO] puppeteer Chromium å¯åŠ¨å¤±è´¥
[22:38:48.252][MARK] [äº‘å´½å¸®åŠ©][help] #å¸®åŠ© å¤„ç†å®Œæˆ 207ms
[22:41:04.047][MARK] [äº‘å´½å¸®åŠ©][help][ç§èŠ][é•œ.(14866312)] #å¸®åŠ©
[22:41:04.048][MARK] [äº‘å´½å¸®åŠ©][help] #å¸®åŠ© å¤„ç†å®Œæˆ 1ms
[22:41:09.613][MARK] [äº‘å´½å¸®åŠ©][help][ç§èŠ][é•œ.(14866312)] #å¸®åŠ©
[22:41:09.614][MARK] [äº‘å´½å¸®åŠ©][help] #å¸®åŠ© å¤„ç†å®Œæˆ 1ms
[22:41:10.636][MARK] [äº‘å´½å¸®åŠ©][help][ç§èŠ][é•œ.(14866312)] #å¸®åŠ©
[22:41:10.637][MARK] [äº‘å´½å¸®åŠ©][help] #å¸®åŠ© å¤„ç†å®Œæˆ 1ms
[22:41:52.179][MARK] [é‡å¯][restart][ç§èŠ][é•œ.(14866312)] #é‡å¯
[22:41:52.374][MARK] [é‡å¯][restart] å¼€å§‹æ‰§è¡Œé‡å¯ï¼Œè¯·ç¨ç­‰...
[22:41:52.834][MARK] [é‡å¯][restart] #é‡å¯ å¤„ç†å®Œæˆ 655ms
[22:41:53.413][ERRO] é‡å¯å¤±è´¥
Error: Command failed: pnpm start
'pm2' ï¿½ï¿½ï¿½ï¿½ï¿½Ú²ï¿½ï¿½ï¿½ï¿½â²¿ï¿½ï¿½ï¿½î£¬Ò²ï¿½ï¿½ï¿½Ç¿ï¿½ï¿½ï¿½ï¿½ĞµÄ³ï¿½ï¿½ï¿½
ï¿½ï¿½ï¿½ï¿½ï¿½ï¿½ï¿½ï¿½ï¿½Ä¼ï¿½ï¿½ï¿½

    at ChildProcess.exithandler (node:child_process:400:12)
    at ChildProcess.emit (node:events:513:28)
    at maybeClose (node:internal/child_process:1093:16)
    at Process.ChildProcess._handle.onexit (node:internal/child_process:302:5)
[22:42:09.289][MARK] [å…¶ä»–åŠŸèƒ½][status][ç§èŠ][é•œ.(14866312)] #çŠ¶æ€
[22:42:09.441][MARK] [å…¶ä»–åŠŸèƒ½][status] #çŠ¶æ€ å¤„ç†å®Œæˆ 150ms
[22:45:05.358][MARK] Yunzai-Bot å¯åŠ¨ä¸­...
[22:45:05.360][MARK] è¿æ¥redis....
[22:45:05.371][MARK] è¿æ¥redisæˆåŠŸ
[22:45:10.718][MARK] ----^_^----
[22:45:10.718][MARK] [32mYunzai-Bot ä¸Šçº¿æˆåŠŸ ç‰ˆæœ¬v3.0.0[39m
[22:45:10.719][MARK] [32mhttps://github.com/Le-niao/Yunzai-Bot[39m
[22:45:11.883][MARK] å‘é€å¥½å‹æ¶ˆæ¯[é•œ.](14866312)
[22:45:17.590][MARK] åŠ è½½ç”¨æˆ·UIDï¼š0ä¸ªï¼ŒåŠ å…¥æŸ¥è¯¢æ± 
[22:45:17.592][MARK] åŠ è½½å…¬å…±ckï¼š0ä¸ª
[22:45:17.642][MARK] [äº‘å´½å¸®åŠ©][help][ç§èŠ][é•œ.(14866312)] #å¸®åŠ©
[22:45:17.725][ERRO] [äº‘å´½å¸®åŠ©][help]
[22:45:17.725][ERRO] Error: Cannot find module 'pkg-dir'
Require stack:
- C:\yunzaiv3\Yunzai-Bot\node_modules\.pnpm\puppeteer@19.7.2\node_modules\puppeteer\lib\cjs\puppeteer\initialize-node.js
- C:\yunzaiv3\Yunzai-Bot\node_modules\.pnpm\puppeteer@19.7.2\node_modules\puppeteer\lib\cjs\puppeteer\node.js
- C:\yunzaiv3\Yunzai-Bot\node_modules\.pnpm\puppeteer@19.7.2\node_modules\puppeteer\cjs-entry.js
    at Function.Module._resolveFilename (node:internal/modules/cjs/loader:956:15)
    at Function.Module._load (node:internal/modules/cjs/loader:804:27)
    at Module.require (node:internal/modules/cjs/loader:1028:19)
    at require (node:internal/modules/cjs/helpers:102:18)
    at Object.<anonymous> (C:\yunzaiv3\Yunzai-Bot\node_modules\.pnpm\puppeteer@19.7.2\node_modules\puppeteer\lib\cjs\puppeteer\initialize-node.js:21:19)
    at Module._compile (node:internal/modules/cjs/loader:1126:14)
    at Object.Module._extensions..js (node:internal/modules/cjs/loader:1180:10)
    at Module.load (node:internal/modules/cjs/loader:1004:32)
    at Function.Module._load (node:internal/modules/cjs/loader:839:12)
    at Module.require (node:internal/modules/cjs/loader:1028:19)
[22:49:08.533][MARK] Yunzai-Bot å¯åŠ¨ä¸­...
[22:49:08.535][MARK] è¿æ¥redis....
[22:49:08.546][MARK] è¿æ¥redisæˆåŠŸ
[22:49:13.878][MARK] ----^_^----
[22:49:13.878][MARK] [32mYunzai-Bot ä¸Šçº¿æˆåŠŸ ç‰ˆæœ¬v3.0.0[39m
[22:49:13.879][MARK] [32mhttps://github.com/Le-niao/Yunzai-Bot[39m
[22:49:15.028][MARK] å‘é€å¥½å‹æ¶ˆæ¯[é•œ.](14866312)
[22:49:20.718][MARK] åŠ è½½ç”¨æˆ·UIDï¼š0ä¸ªï¼ŒåŠ å…¥æŸ¥è¯¢æ± 
[22:49:20.719][MARK] åŠ è½½å…¬å…±ckï¼š0ä¸ª
[22:49:20.766][MARK] [äº‘å´½å¸®åŠ©][help][ç§èŠ][é•œ.(14866312)] #å¸®åŠ©
[22:49:20.846][ERRO] [äº‘å´½å¸®åŠ©][help]
[22:49:20.847][ERRO] Error: Cannot find module 'pkg-dir'
Require stack:
- C:\yunzaiv3\Yunzai-Bot\node_modules\.pnpm\puppeteer@19.7.2\node_modules\puppeteer\lib\cjs\puppeteer\initialize-node.js
- C:\yunzaiv3\Yunzai-Bot\node_modules\.pnpm\puppeteer@19.7.2\node_modules\puppeteer\lib\cjs\puppeteer\node.js
- C:\yunzaiv3\Yunzai-Bot\node_modules\.pnpm\puppeteer@19.7.2\node_modules\puppeteer\cjs-entry.js
    at Function.Module._resolveFilename (node:internal/modules/cjs/loader:956:15)
    at Function.Module._load (node:internal/modules/cjs/loader:804:27)
    at Module.require (node:internal/modules/cjs/loader:1028:19)
    at require (node:internal/modules/cjs/helpers:102:18)
    at Object.<anonymous> (C:\yunzaiv3\Yunzai-Bot\node_modules\.pnpm\puppeteer@19.7.2\node_modules\puppeteer\lib\cjs\puppeteer\initialize-node.js:21:19)
    at Module._compile (node:internal/modules/cjs/loader:1126:14)
    at Object.Module._extensions..js (node:internal/modules/cjs/loader:1180:10)
    at Module.load (node:internal/modules/cjs/loader:1004:32)
    at Function.Module._load (node:internal/modules/cjs/loader:839:12)
    at Module.require (node:internal/modules/cjs/loader:1028:19)
[22:49:52.171][MARK] [æ›´æ–°][update][ç§èŠ][é•œ.(14866312)] #æ›´æ–°
[22:49:52.266][MARK] [æ›´æ–°][update] å¼€å§‹æ›´æ–°ï¼šYunzai-Bot
[22:49:53.379][MARK] [æ›´æ–°][update] æœ€åæ›´æ–°æ—¶é—´ï¼š03-04 17:17
[22:49:53.380][MARK] [æ›´æ–°][update] #æ›´æ–° å¤„ç†å®Œæˆ 1163ms
[22:50:05.841][MARK] [é‡å¯][restart][ç§èŠ][é•œ.(14866312)] #é‡å¯
[22:50:06.062][MARK] [é‡å¯][restart] å¼€å§‹æ‰§è¡Œé‡å¯ï¼Œè¯·ç¨ç­‰...
[22:50:06.527][MARK] [é‡å¯][restart] #é‡å¯ å¤„ç†å®Œæˆ 686ms
[22:50:07.128][ERRO] é‡å¯å¤±è´¥
Error: Command failed: pnpm start
'pm2' ï¿½ï¿½ï¿½ï¿½ï¿½Ú²ï¿½ï¿½ï¿½ï¿½â²¿ï¿½ï¿½ï¿½î£¬Ò²ï¿½ï¿½ï¿½Ç¿ï¿½ï¿½ï¿½ï¿½ĞµÄ³ï¿½ï¿½ï¿½
ï¿½ï¿½ï¿½ï¿½ï¿½ï¿½ï¿½ï¿½ï¿½Ä¼ï¿½ï¿½ï¿½

    at ChildProcess.exithandler (node:child_process:400:12)
    at ChildProcess.emit (node:events:513:28)
    at maybeClose (node:internal/child_process:1093:16)
    at Process.ChildProcess._handle.onexit (node:internal/child_process:302:5)
[22:50:12.948][MARK] [æ›´æ–°][updateLog][ç§èŠ][é•œ.(14866312)] #æ›´æ–°æ—¥å¿—
[22:50:13.453][MARK] [æ›´æ–°][updateLog] #æ›´æ–°æ—¥å¿— å¤„ç†å®Œæˆ 456ms
[22:50:24.031][MARK] [å…¶ä»–åŠŸèƒ½][status][ç§èŠ][é•œ.(14866312)] #çŠ¶æ€
[22:50:24.161][MARK] [å…¶ä»–åŠŸèƒ½][status] #çŠ¶æ€ å¤„ç†å®Œæˆ 129ms
[22:51:38.028][MARK] Yunzai-Bot å¯åŠ¨ä¸­...
[22:51:38.030][MARK] è¿æ¥redis....
[22:51:38.041][MARK] è¿æ¥redisæˆåŠŸ
[22:51:43.392][MARK] ----^_^----
[22:51:43.393][MARK] [32mYunzai-Bot ä¸Šçº¿æˆåŠŸ ç‰ˆæœ¬v3.0.0[39m
[22:51:43.393][MARK] [32mhttps://github.com/Le-niao/Yunzai-Bot[39m
[22:51:44.549][MARK] å‘é€å¥½å‹æ¶ˆæ¯[é•œ.](14866312)
[22:51:58.483][MARK] åŠ è½½ç”¨æˆ·UIDï¼š0ä¸ªï¼ŒåŠ å…¥æŸ¥è¯¢æ± 
[22:51:58.485][MARK] åŠ è½½å…¬å…±ckï¼š0ä¸ª
[22:51:58.538][MARK] [å…¶ä»–åŠŸèƒ½][status][ç§èŠ][é•œ.(14866312)] #çŠ¶æ€
[22:51:58.677][MARK] [å…¶ä»–åŠŸèƒ½][status] #çŠ¶æ€ å¤„ç†å®Œæˆ 136ms
[22:52:02.872][MARK] [äº‘å´½å¸®åŠ©][help][ç§èŠ][é•œ.(14866312)] #å¸®åŠ©
[22:52:03.080][MARK] puppeteer Chromium å¯åŠ¨ä¸­...
[22:52:03.085][ERRO] Error: Could not find Chromium (rev. 1095492). This can occur if either
 1. you did not perform an installation before running the script (e.g. `npm install`) or
 2. your cache path is incorrectly configured (which is: C:\Users\Administrator.MM-202301141611\.cache\puppeteer).
For (2), check out our guide on configuring puppeteer at https://pptr.dev/guides/configuration.
[22:52:03.086][ERRO] puppeteer Chromium å¯åŠ¨å¤±è´¥
[22:52:03.086][MARK] [äº‘å´½å¸®åŠ©][help] #å¸®åŠ© å¤„ç†å®Œæˆ 209ms
[23:06:19.505][MARK] Yunzai-Bot å¯åŠ¨ä¸­...
[23:06:19.507][MARK] è¿æ¥redis....
[23:06:19.518][MARK] è¿æ¥redisæˆåŠŸ
[23:06:24.922][MARK] ----^_^----
[23:06:24.923][MARK] [32mYunzai-Bot ä¸Šçº¿æˆåŠŸ ç‰ˆæœ¬v3.0.0[39m
[23:06:24.923][MARK] [32mhttps://github.com/Le-niao/Yunzai-Bot[39m
[23:06:25.383][MARK] --------- >_< ---------
[23:06:25.384][MARK] é”…å·´æœåŠ¡å¯åŠ¨æˆåŠŸ~ è€—æ—¶:20ms
[23:06:25.390][MARK] http://192.168.2.9:50831
[23:06:25.390][MARK] -----------------------
[23:06:25.390][MARK] [Guoba] æ¬¢è¿ä½¿ç”¨é”…å·´æ’ä»¶ï¼Œå½“å‰ç‰ˆæœ¬ï¼š1.1.0
[23:06:25.396][MARK] å‘é€å¥½å‹æ¶ˆæ¯[é•œ.](14866312)
[23:06:25.401][MARK] [Guoba] é…ç½®æ–‡ä»¶é‡è½½æˆåŠŸ~
[23:06:26.757][MARK] å‘é€å¥½å‹æ¶ˆæ¯[é•œ.](14866312)
[23:06:43.762][MARK] åŠ è½½ç”¨æˆ·UIDï¼š0ä¸ªï¼ŒåŠ å…¥æŸ¥è¯¢æ± 
[23:06:43.764][MARK] åŠ è½½å…¬å…±ckï¼š0ä¸ª
[23:06:43.813][MARK] [é”…å·´å¸®åŠ©][getHelp][ç§èŠ][é•œ.(14866312)] #é”…å·´å¸®åŠ©
[23:06:43.964][MARK] [é”…å·´å¸®åŠ©][getHelp] #é”…å·´å¸®åŠ© å¤„ç†å®Œæˆ 150ms
[23:07:26.090][MARK] [å–µå–µ:å–µå–µå¸®åŠ©][help][ç§èŠ][é•œ.(14866312)] #å–µå–µèœå•
[23:07:26.297][MARK] puppeteer Chromium å¯åŠ¨ä¸­...
[23:07:26.304][ERRO] Error: Could not find Chromium (rev. 1095492). This can occur if either
 1. you did not perform an installation before running the script (e.g. `npm install`) or
 2. your cache path is incorrectly configured (which is: C:\Users\Administrator.MM-202301141611\.cache\puppeteer).
For (2), check out our guide on configuring puppeteer at https://pptr.dev/guides/configuration.
[23:07:26.304][ERRO] puppeteer Chromium å¯åŠ¨å¤±è´¥
[23:07:26.305][MARK] [å–µå–µ:å–µå–µå¸®åŠ©][help] #å–µå–µèœå• å¤„ç†å®Œæˆ 213ms
[23:07:33.293][MARK] [å–µå–µ:å–µå–µå¸®åŠ©][help][ç§èŠ][é•œ.(14866312)] #å–µå–µèœå•
[23:07:33.296][MARK] puppeteer Chromium å¯åŠ¨ä¸­...
[23:07:33.299][ERRO] Error: Could not find Chromium (rev. 1095492). This can occur if either
 1. you did not perform an installation before running the script (e.g. `npm install`) or
 2. your cache path is incorrectly configured (which is: C:\Users\Administrator.MM-202301141611\.cache\puppeteer).
For (2), check out our guide on configuring puppeteer at https://pptr.dev/guides/configuration.
[23:07:33.299][ERRO] puppeteer Chromium å¯åŠ¨å¤±è´¥
[23:07:33.299][MARK] [å–µå–µ:å–µå–µå¸®åŠ©][help] #å–µå–µèœå• å¤„ç†å®Œæˆ 5ms
[23:07:41.488][MARK] [å–µå–µ:å–µå–µå¸®åŠ©][help][ç§èŠ][é•œ.(14866312)] #å–µå–µèœå•
[23:07:41.491][MARK] puppeteer Chromium å¯åŠ¨ä¸­...
[23:07:41.495][ERRO] Error: Could not find Chromium (rev. 1095492). This can occur if either
 1. you did not perform an installation before running the script (e.g. `npm install`) or
 2. your cache path is incorrectly configured (which is: C:\Users\Administrator.MM-202301141611\.cache\puppeteer).
For (2), check out our guide on configuring puppeteer at https://pptr.dev/guides/configuration.
[23:07:41.495][ERRO] puppeteer Chromium å¯åŠ¨å¤±è´¥
[23:07:41.495][MARK] [å–µå–µ:å–µå–µå¸®åŠ©][help] #å–µå–µèœå• å¤„ç†å®Œæˆ 6ms
[23:08:41.498][MARK] [ç”¨æˆ·ç»‘å®š][bingUid][ç§èŠ][é•œ.(14866312)] #ç»‘å®š120410951
[23:08:41.708][MARK] [ç”¨æˆ·ç»‘å®š][bingUid] #ç»‘å®š120410951 å¤„ç†å®Œæˆ 209ms
[23:08:52.234][MARK] puppeteer Chromium å¯åŠ¨ä¸­...
[23:08:52.238][ERRO] Error: Could not find Chromium (rev. 1095492). This can occur if either
 1. you did not perform an installation before running the script (e.g. `npm install`) or
 2. your cache path is incorrectly configured (which is: C:\Users\Administrator.MM-202301141611\.cache\puppeteer).
For (2), check out our guide on configuring puppeteer at https://pptr.dev/guides/configuration.
[23:08:52.238][ERRO] puppeteer Chromium å¯åŠ¨å¤±è´¥
[23:13:32.764][MARK] Yunzai-Bot å¯åŠ¨ä¸­...
[23:13:32.766][MARK] è¿æ¥redis....
[23:13:32.777][MARK] è¿æ¥redisæˆåŠŸ
[23:13:38.148][MARK] ----^_^----
[23:13:38.149][MARK] [32mYunzai-Bot ä¸Šçº¿æˆåŠŸ ç‰ˆæœ¬v3.0.0[39m
[23:13:38.149][MARK] [32mhttps://github.com/Le-niao/Yunzai-Bot[39m
[23:13:38.607][MARK] --------- >_< ---------
[23:13:38.607][MARK] é”…å·´æœåŠ¡å¯åŠ¨æˆåŠŸ~ è€—æ—¶:18ms
[23:13:38.613][MARK] http://192.168.2.9:50831
[23:13:38.613][MARK] -----------------------
[23:13:38.613][MARK] [Guoba] æ¬¢è¿ä½¿ç”¨é”…å·´æ’ä»¶ï¼Œå½“å‰ç‰ˆæœ¬ï¼š1.1.0
[23:13:39.972][MARK] å‘é€å¥½å‹æ¶ˆæ¯[é•œ.](14866312)
[23:13:46.199][MARK] åŠ è½½ç”¨æˆ·UIDï¼š0ä¸ªï¼ŒåŠ å…¥æŸ¥è¯¢æ± 
[23:13:46.201][MARK] åŠ è½½å…¬å…±ckï¼š0ä¸ª
[23:13:46.243][MARK] [å–µå–µ:å–µå–µå¸®åŠ©][help][ç§èŠ][é•œ.(14866312)] #å¸®åŠ©
[23:13:46.247][MARK] [äº‘å´½å¸®åŠ©][help][ç§èŠ][é•œ.(14866312)] #å¸®åŠ©
[23:13:46.447][MARK] puppeteer Chromium å¯åŠ¨ä¸­...
[23:13:46.455][ERRO] Error: Could not find Chromium (rev. 1095492). This can occur if either
 1. you did not perform an installation before running the script (e.g. `npm install`) or
 2. your cache path is incorrectly configured (which is: C:\Users\Administrator.MM-202301141611\.cache\puppeteer).
For (2), check out our guide on configuring puppeteer at https://pptr.dev/guides/configuration.
[23:13:46.455][ERRO] puppeteer Chromium å¯åŠ¨å¤±è´¥
[23:13:46.456][MARK] [äº‘å´½å¸®åŠ©][help] #å¸®åŠ© å¤„ç†å®Œæˆ 206ms
[23:16:03.380][MARK] Yunzai-Bot å¯åŠ¨ä¸­...
[23:16:03.382][MARK] è¿æ¥redis....
[23:16:03.393][MARK] è¿æ¥redisæˆåŠŸ
[23:16:08.826][MARK] ----^_^----
[23:16:08.826][MARK] [32mYunzai-Bot ä¸Šçº¿æˆåŠŸ ç‰ˆæœ¬v3.0.0[39m
[23:16:08.826][MARK] [32mhttps://github.com/Le-niao/Yunzai-Bot[39m
[23:16:09.272][MARK] --------- >_< ---------
[23:16:09.273][MARK] é”…å·´æœåŠ¡å¯åŠ¨æˆåŠŸ~ è€—æ—¶:19ms
[23:16:09.278][MARK] http://192.168.2.9:50831
[23:16:09.279][MARK] -----------------------
[23:16:09.279][MARK] [Guoba] æ¬¢è¿ä½¿ç”¨é”…å·´æ’ä»¶ï¼Œå½“å‰ç‰ˆæœ¬ï¼š1.1.0
[23:16:33.604][MARK] [å–µå–µ:å–µå–µå¸®åŠ©][help][ç§èŠ][é•œ.(14866312)] #å¸®åŠ©
[23:16:33.608][MARK] [äº‘å´½å¸®åŠ©][help][ç§èŠ][é•œ.(14866312)] #å¸®åŠ©
[23:16:33.815][MARK] puppeteer Chromium å¯åŠ¨ä¸­...
[23:16:34.292][MARK] puppeteer Chromium å¯åŠ¨æˆåŠŸ
[23:16:34.646][MARK] [å›¾ç‰‡ç”Ÿæˆ][help][1æ¬¡] 185.20kb [32m348ms[39m
[23:16:34.973][MARK] [äº‘å´½å¸®åŠ©][help] #å¸®åŠ© å¤„ç†å®Œæˆ 1360ms
[23:16:44.302][MARK] [å–µå–µ:å–µå–µå¸®åŠ©][help][2201åºŸè¯è¿ç¯‡(é•œ.)] #å¸®åŠ©
[23:16:44.304][MARK] [äº‘å´½å¸®åŠ©][help][2201åºŸè¯è¿ç¯‡(é•œ.)] #å¸®åŠ©
[23:16:44.980][MARK] [äº‘å´½å¸®åŠ©][help] #å¸®åŠ© å¤„ç†å®Œæˆ 676ms
[23:17:34.903][MARK] [å–µå–µ:è§’è‰²æŸ¥è¯¢][character][2201åºŸè¯è¿ç¯‡(é•œ.)] #å–µå–µè§’è‰²å¡ç‰‡
[23:17:34.907][MARK] [å–µå–µ:è§’è‰²æŸ¥è¯¢][character] #å–µå–µè§’è‰²å¡ç‰‡ å¤„ç†å®Œæˆ 3ms
[23:17:57.214][MARK] [ç”¨æˆ·ç»‘å®š][bingUid][2201åºŸè¯è¿ç¯‡(é•œ.)] #ç»‘å®š120410951
[23:17:57.475][MARK] [ç”¨æˆ·ç»‘å®š][bingUid] #ç»‘å®š120410951 å¤„ç†å®Œæˆ 260ms
[23:18:06.676][MARK] [å–µå–µ:è§’è‰²æŸ¥è¯¢][character][2201åºŸè¯è¿ç¯‡(é•œ.)] #å–µå–µè§’è‰²å¡ç‰‡
[23:18:08.770][MARK] [å›¾ç‰‡ç”Ÿæˆ][miao-plugin/character/character-card][2æ¬¡] 177.00kb [32m2079ms[39m
[23:18:09.768][MARK] [å–µå–µ:è§’è‰²æŸ¥è¯¢][character] #å–µå–µè§’è‰²å¡ç‰‡ å¤„ç†å®Œæˆ 3091ms
[23:21:16.823][MARK] äº‘åŸç¥ç»‘å®šå¤±è´¥ï¼šæœªåŒ…å«devIdå­—æ®µ~
[23:21:16.824][MARK] [ç”¨æˆ·ç»‘å®š][bingCk][ç§èŠ][é•œ.(14866312)] #ç»‘å®šcookie
[23:21:17.399][MARK] [ç”¨æˆ·ç»‘å®š][bingCk] æ£€æŸ¥cookieæ­£å¸¸ [uid:120410951]
[23:21:17.407][MARK] [ç”¨æˆ·ç»‘å®š][bingCk] ä¿å­˜cookieæˆåŠŸ [uid:120410951] [ltuid:191512547]
[23:21:17.926][MARK] [ç”¨æˆ·ç»‘å®š][bingCk] #ç»‘å®šcookie å¤„ç†å®Œæˆ 1101ms
[23:21:31.354][MARK] [ä½“åŠ›æŸ¥è¯¢][sign][2201åºŸè¯è¿ç¯‡(é•œ.)] #ç­¾åˆ°
[23:21:31.594][MARK] [ç±³æ¸¸ç¤¾æ¥å£][bbs_sign_info][120410951] 234ms
[23:21:31.961][MARK] [ç±³æ¸¸ç¤¾æ¥å£][bbs_sign][120410951] 265ms
[23:21:31.962][MARK] [åŸç¥ç­¾åˆ°æˆåŠŸ][uid:120410951][qq:14866312  ] ç¬¬1ä¸ª
[23:21:32.147][MARK] [ç±³æ¸¸ç¤¾æ¥å£][bbs_sign_home][120410951] 184ms
[23:21:32.395][MARK] [ä½“åŠ›æŸ¥è¯¢][sign] #ç­¾åˆ° å¤„ç†å®Œæˆ 1037ms
[23:21:38.382][MARK] [æœ­è®°æŸ¥è¯¢][ledger][2201åºŸè¯è¿ç¯‡(é•œ.)] #åŸçŸ³
[23:21:38.384][MARK] [ç±³æ¸¸ç¤¾æŸ¥è¯¢][uidï¼š120410951][32m[ä½¿ç”¨å·²æŸ¥è¯¢ckï¼š191512547][39m
[23:21:38.646][MARK] [ç±³æ¸¸ç¤¾æ¥å£][ys_ledger][120410951] 260ms
[23:21:38.653][MARK] [ç±³æ¸¸ç¤¾æŸ¥è¯¢][uidï¼š120410951][32m[ä½¿ç”¨å·²æŸ¥è¯¢ckï¼š191512547][39m
[23:21:39.187][MARK] [æœ­è®°æŸ¥è¯¢][è‡ªåŠ¨ä¿å­˜] uid:120410951 åŸçŸ³æ•°æ®å·²ä¿å­˜
[23:21:41.752][MARK] [å›¾ç‰‡ç”Ÿæˆ][ledger][3æ¬¡] 86.54kb [32m3101ms[39m
[23:21:42.670][MARK] [æœ­è®°æŸ¥è¯¢][ledger] #åŸçŸ³ å¤„ç†å®Œæˆ 4287ms
[23:21:56.887][MARK] [å–µå–µ:è§’è‰²é¢æ¿][YzprofileStat][2201åºŸè¯è¿ç¯‡(é•œ.)] #ç»ƒåº¦ç»Ÿè®¡
[23:21:56.888][MARK] [è§’è‰²æŸ¥è¯¢][roleList][2201åºŸè¯è¿ç¯‡(é•œ.)] #ç»ƒåº¦ç»Ÿè®¡
[23:21:56.890][MARK] [ç±³æ¸¸ç¤¾æŸ¥è¯¢][uidï¼š120410951][32m[ä½¿ç”¨å·²æŸ¥è¯¢ckï¼š191512547][39m
[23:21:57.259][MARK] [ç±³æ¸¸ç¤¾æ¥å£][character][120410951] 368ms
[23:21:57.270][MARK] [ç±³æ¸¸ç¤¾æŸ¥è¯¢][uidï¼š120410951][32m[ä½¿ç”¨å·²æŸ¥è¯¢ckï¼š191512547][39m
[23:21:58.883][MARK] [ç±³æ¸¸ç¤¾æ¥å£][detail][120410951] 1377ms
[23:21:59.052][MARK] [å›¾ç‰‡ç”Ÿæˆ][roleList][4æ¬¡] 224.55kb [32m146ms[39m
[23:22:00.148][MARK] [è§’è‰²æŸ¥è¯¢][roleList] #ç»ƒåº¦ç»Ÿè®¡ å¤„ç†å®Œæˆ 3259ms
[23:22:49.813][MARK] [å–µå–µ:å–µå–µå¸®åŠ©][help][2201åºŸè¯è¿ç¯‡(é•œ.)] #å–µå–µèœå•
[23:22:51.049][MARK] [å›¾ç‰‡ç”Ÿæˆ][miao-plugin/help/index][5æ¬¡] 305.15kb [32m1227ms[39m
[23:22:51.707][MARK] [å–µå–µ:å–µå–µå¸®åŠ©][help] #å–µå–µèœå• å¤„ç†å®Œæˆ 1893ms
[23:23:25.037][MARK] [å–µå–µ:æŠ½å¡ç»Ÿè®¡][Yzdetail][2201åºŸè¯è¿ç¯‡(é•œ.)] #æŠ½å¡è®°å½•
[23:23:25.037][MARK] [æŠ½å¡è®°å½•][getLog][2201åºŸè¯è¿ç¯‡(é•œ.)] #æŠ½å¡è®°å½•
[23:23:25.038][MARK] [æŠ½å¡è®°å½•][getLog] #æŠ½å¡è®°å½• å¤„ç†å®Œæˆ 0ms
[23:23:50.506][MARK] [åè¿][gacha][2201åºŸè¯è¿ç¯‡(é•œ.)] åè¿
[23:23:50.668][MARK] [å›¾ç‰‡ç”Ÿæˆ][gacha][6æ¬¡] 92.98kb [32m115ms[39m
[23:23:51.558][MARK] [åè¿][gacha] åè¿ å¤„ç†å®Œæˆ 1031ms
[23:23:58.427][MARK] [åè¿][gacha][2201åºŸè¯è¿ç¯‡(é•œ.)] åè¿
[23:23:58.533][MARK] [å›¾ç‰‡ç”Ÿæˆ][gacha][7æ¬¡] 93.72kb [32m103ms[39m
[23:23:59.521][MARK] [åè¿][gacha] åè¿ å¤„ç†å®Œæˆ 1093ms
[23:25:16.587][MARK] [åè¿][gacha][2201åºŸè¯è¿ç¯‡(é•œ.)] åè¿
[23:25:16.697][MARK] [å›¾ç‰‡ç”Ÿæˆ][gacha][8æ¬¡] 99.65kb [32m107ms[39m
[23:25:17.496][MARK] [åè¿][gacha] åè¿ å¤„ç†å®Œæˆ 909ms
[23:25:20.866][MARK] [åè¿][gacha][2201åºŸè¯è¿ç¯‡(é•œ.)] åè¿
[23:25:20.980][MARK] [å›¾ç‰‡ç”Ÿæˆ][gacha][9æ¬¡] 96.74kb [32m110ms[39m
[23:25:21.786][MARK] [åè¿][gacha] åè¿ å¤„ç†å®Œæˆ 919ms
[23:25:24.071][MARK] [åè¿][gacha][2201åºŸè¯è¿ç¯‡(é•œ.)] åè¿
[23:25:24.180][MARK] [å›¾ç‰‡ç”Ÿæˆ][gacha][10æ¬¡] 93.57kb [32m106ms[39m
[23:25:25.095][MARK] [åè¿][gacha] åè¿ å¤„ç†å®Œæˆ 1024ms
[23:25:27.886][MARK] [åè¿][gacha][2201åºŸè¯è¿ç¯‡(é•œ.)] åè¿
[23:25:27.995][MARK] [å›¾ç‰‡ç”Ÿæˆ][gacha][11æ¬¡] 97.49kb [32m106ms[39m
[23:25:28.849][MARK] [åè¿][gacha] åè¿ å¤„ç†å®Œæˆ 962ms
[23:25:47.234][MARK] [åè¿][gacha][2201åºŸè¯è¿ç¯‡(é•œ.)] åè¿
[23:25:47.345][MARK] [å›¾ç‰‡ç”Ÿæˆ][gacha][12æ¬¡] 87.71kb [32m108ms[39m
[23:25:48.197][MARK] [åè¿][gacha] åè¿ å¤„ç†å®Œæˆ 963ms
[23:25:51.678][MARK] [åè¿][gacha][2201åºŸè¯è¿ç¯‡(é•œ.)] åè¿
[23:25:51.795][MARK] [å›¾ç‰‡ç”Ÿæˆ][gacha][13æ¬¡] 98.26kb [32m115ms[39m
[23:25:52.557][MARK] [åè¿][gacha] åè¿ å¤„ç†å®Œæˆ 879ms
[23:28:46.115][MARK] [å›¾ç‰‡ç”Ÿæˆ][xiaoyao-cvs-plugin/help/index][14æ¬¡] 190.83kb [32m1102ms[39m
[23:29:38.419][MARK] [å–µå–µ:è§’è‰²æŸ¥è¯¢][character][2201åºŸè¯è¿ç¯‡(é•œ.)] #å–µå–µè§’è‰²å¡ç‰‡
[23:29:38.422][MARK] [ç±³æ¸¸ç¤¾æŸ¥è¯¢][uidï¼š120410951][32m[ä½¿ç”¨å·²æŸ¥è¯¢ckï¼š191512547][39m
[23:29:38.426][MARK] [ç±³æ¸¸ç¤¾æŸ¥è¯¢][uidï¼š120410951][32m[ä½¿ç”¨å·²æŸ¥è¯¢ckï¼š191512547][39m
[23:29:40.891][MARK] [å›¾ç‰‡ç”Ÿæˆ][miao-plugin/character/character-card][15æ¬¡] 185.39kb [32m2076ms[39m
[23:29:41.748][MARK] [å–µå–µ:è§’è‰²æŸ¥è¯¢][character] #å–µå–µè§’è‰²å¡ç‰‡ å¤„ç†å®Œæˆ 3328ms
[23:31:15.720][MARK] [é”…å·´ç™»å½•][login][ç§èŠ][é•œ.(14866312)] #é”…å·´ç™»å½•
[23:31:16.253][MARK] [é”…å·´ç™»å½•][login] #é”…å·´ç™»å½• å¤„ç†å®Œæˆ 526ms
[23:36:26.419][ERRO] Chromiumå®ä¾‹å…³é—­æˆ–å´©æºƒï¼
[23:55:36.199][MARK] Yunzai-Bot å¯åŠ¨ä¸­...
[23:55:36.201][MARK] è¿æ¥redis....
[23:55:36.212][MARK] è¿æ¥redisæˆåŠŸ
[23:55:41.549][MARK] ----^_^----
[23:55:41.550][MARK] [32mYunzai-Bot ä¸Šçº¿æˆåŠŸ ç‰ˆæœ¬v3.0.0[39m
[23:55:41.550][MARK] [32mhttps://github.com/Le-niao/Yunzai-Bot[39m
[23:55:42.443][MARK] --------- >_< ---------
[23:55:42.443][MARK] é”…å·´æœåŠ¡å¯åŠ¨æˆåŠŸ~ è€—æ—¶:17ms
[23:55:42.449][MARK] http://192.168.2.9:50831
[23:55:42.449][MARK] -----------------------
[23:55:42.449][MARK] [Guoba] æ¬¢è¿ä½¿ç”¨é”…å·´æ’ä»¶ï¼Œå½“å‰ç‰ˆæœ¬ï¼š1.1.0
[23:56:19.863][MARK] [é”…å·´ç™»å½•][login][ç§èŠ][é•œ.(14866312)] #é”…å·´ç™»å½•
[23:56:20.448][MARK] [é”…å·´ç™»å½•][login] #é”…å·´ç™»å½• å¤„ç†å®Œæˆ 579ms
[23:57:07.028][MARK] [[åœŸå—æ’ä»¶]ç‚¹å°è¯´][kanpian][ç§èŠ][é•œ.(14866312)] #ç‚¹å°è¯´
[23:57:08.829][MARK] puppeteer Chromium å¯åŠ¨ä¸­...
[23:57:09.036][MARK] puppeteer Chromium å¯åŠ¨æˆåŠŸ
[23:57:11.409][MARK] [å›¾ç‰‡ç”Ÿæˆ][123][1æ¬¡] 542.50kb [32m2366ms[39m
[23:57:11.411][MARK] [[åœŸå—æ’ä»¶]ç‚¹å°è¯´][kanpian] #ç‚¹å°è¯´ å¤„ç†å®Œæˆ 4381ms
[23:57:38.009][MARK] [[åœŸå—æ’ä»¶]åŸç¥è¯­éŸ³][tingyy][ç§èŠ][é•œ.(14866312)] #å¯è‰è¯­éŸ³10
[23:57:38.742][MARK] [[åœŸå—æ’ä»¶]åŸç¥è¯­éŸ³][tingyy] #å¯è‰è¯­éŸ³10 å¤„ç†å®Œæˆ 728ms
[23:57:50.129][MARK] [[åœŸå—æ’ä»¶]åŸç¥è¯­éŸ³][tingyy][ç§èŠ][é•œ.(14866312)] #å¯è‰è¯­éŸ³1
[23:57:50.681][MARK] [[åœŸå—æ’ä»¶]åŸç¥è¯­éŸ³][tingyy] #å¯è‰è¯­éŸ³1 å¤„ç†å®Œæˆ 549ms
